<?xml version="1.0" encoding="UTF-8"?>
<testng-results skipped="0" failed="1" total="3" passed="2">
  <reporter-output>
  </reporter-output>
  <suite name="Default suite" duration-ms="42502" started-at="2017-07-10T21:26:57Z" finished-at="2017-07-10T21:27:40Z">
    <groups>
    </groups>
    <test name="Default test" duration-ms="42502" started-at="2017-07-10T21:26:57Z" finished-at="2017-07-10T21:27:40Z">
      <class name="crm.ApplicationTest">
        <test-method status="PASS" signature="setUp()[pri:0, instance:crm.ApplicationTest@103f852]" name="setUp" is-config="true" duration-ms="448" started-at="2017-07-11T02:56:57Z" finished-at="2017-07-11T02:56:57Z">
          <reporter-output>
          </reporter-output>
        </test-method> <!-- setUp -->
        <test-method status="PASS" signature="Logconfig(java.lang.reflect.Method)[pri:0, instance:crm.ApplicationTest@103f852]" name="Logconfig" is-config="true" duration-ms="46" started-at="2017-07-11T02:56:57Z" finished-at="2017-07-11T02:56:57Z">
          <params>
            <param index="0">
              <value>
                <![CDATA[public void crm.ApplicationTest.BrowserEngin() throws java.lang.Exception]]>
              </value>
            </param>
          </params>
          <reporter-output>
          </reporter-output>
        </test-method> <!-- Logconfig -->
        <test-method status="PASS" signature="BrowserEngin()[pri:0, instance:crm.ApplicationTest@103f852]" name="BrowserEngin" duration-ms="18075" started-at="2017-07-11T02:56:57Z" finished-at="2017-07-11T02:57:16Z">
          <reporter-output>
          </reporter-output>
        </test-method> <!-- BrowserEngin -->
        <test-method status="PASS" signature="getResult(org.testng.ITestResult)[pri:0, instance:crm.ApplicationTest@103f852]" name="getResult" is-config="true" duration-ms="3" started-at="2017-07-11T02:57:16Z" finished-at="2017-07-11T02:57:16Z">
          <params>
            <param index="0">
              <value>
                <![CDATA[[TestResult name=BrowserEngin status=SUCCESS method=ApplicationTest.BrowserEngin()[pri:0, instance:crm.ApplicationTest@103f852] output={null}]]]>
              </value>
            </param>
          </params>
          <reporter-output>
          </reporter-output>
        </test-method> <!-- getResult -->
        <test-method status="PASS" signature="Logconfig(java.lang.reflect.Method)[pri:0, instance:crm.ApplicationTest@103f852]" name="Logconfig" is-config="true" duration-ms="152" started-at="2017-07-11T02:57:16Z" finished-at="2017-07-11T02:57:16Z">
          <params>
            <param index="0">
              <value>
                <![CDATA[public void crm.ApplicationTest.verifyHomePage() throws java.io.IOException]]>
              </value>
            </param>
          </params>
          <reporter-output>
          </reporter-output>
        </test-method> <!-- Logconfig -->
        <test-method status="FAIL" signature="verifyHomePage()[pri:0, instance:crm.ApplicationTest@103f852]" name="verifyHomePage" duration-ms="21" started-at="2017-07-11T02:57:16Z" description="Verify the Home Page" depends-on-methods="crm.ApplicationTest.BrowserEngin" finished-at="2017-07-11T02:57:16Z">
          <exception class="java.lang.AssertionError">
            <message>
              <![CDATA[expected [Café Coffee Day | A Lot Can Happen Over Coffee] but found [Café Coffee Day | A Lot Can Happen Over Coffe]]]>
            </message>
            <full-stacktrace>
              <![CDATA[java.lang.AssertionError: expected [Café Coffee Day | A Lot Can Happen Over Coffee] but found [Café Coffee Day | A Lot Can Happen Over Coffe]
	at org.testng.Assert.fail(Assert.java:94)
	at org.testng.Assert.failNotEquals(Assert.java:494)
	at org.testng.Assert.assertEquals(Assert.java:123)
	at org.testng.Assert.assertEquals(Assert.java:176)
	at org.testng.Assert.assertEquals(Assert.java:186)
	at page.Shop.verifyPage(Shop.java:51)
	at crm.ApplicationTest.verifyHomePage(ApplicationTest.java:63)
	at sun.reflect.NativeMethodAccessorImpl.invoke0(Native Method)
	at sun.reflect.NativeMethodAccessorImpl.invoke(Unknown Source)
	at sun.reflect.DelegatingMethodAccessorImpl.invoke(Unknown Source)
	at java.lang.reflect.Method.invoke(Unknown Source)
	at org.testng.internal.MethodInvocationHelper.invokeMethod(MethodInvocationHelper.java:80)
	at org.testng.internal.Invoker.invokeMethod(Invoker.java:714)
	at org.testng.internal.Invoker.invokeTestMethod(Invoker.java:901)
	at org.testng.internal.Invoker.invokeTestMethods(Invoker.java:1231)
	at org.testng.internal.TestMethodWorker.invokeTestMethods(TestMethodWorker.java:127)
	at org.testng.internal.TestMethodWorker.run(TestMethodWorker.java:111)
	at org.testng.TestRunner.privateRun(TestRunner.java:767)
	at org.testng.TestRunner.run(TestRunner.java:617)
	at org.testng.SuiteRunner.runTest(SuiteRunner.java:334)
	at org.testng.SuiteRunner.runSequentially(SuiteRunner.java:329)
	at org.testng.SuiteRunner.privateRun(SuiteRunner.java:291)
	at org.testng.SuiteRunner.run(SuiteRunner.java:240)
	at org.testng.SuiteRunnerWorker.runSuite(SuiteRunnerWorker.java:52)
	at org.testng.SuiteRunnerWorker.run(SuiteRunnerWorker.java:86)
	at org.testng.TestNG.runSuitesSequentially(TestNG.java:1198)
	at org.testng.TestNG.runSuitesLocally(TestNG.java:1123)
	at org.testng.TestNG.run(TestNG.java:1031)
	at org.testng.remote.AbstractRemoteTestNG.run(AbstractRemoteTestNG.java:132)
	at org.testng.remote.RemoteTestNG.initAndRun(RemoteTestNG.java:230)
	at org.testng.remote.RemoteTestNG.main(RemoteTestNG.java:76)
]]>
            </full-stacktrace>
          </exception> <!-- java.lang.AssertionError -->
          <reporter-output>
          </reporter-output>
        </test-method> <!-- verifyHomePage -->
        <test-method status="PASS" signature="getResult(org.testng.ITestResult)[pri:0, instance:crm.ApplicationTest@103f852]" name="getResult" is-config="true" duration-ms="5" started-at="2017-07-11T02:57:16Z" finished-at="2017-07-11T02:57:16Z">
          <params>
            <param index="0">
              <value>
                <![CDATA[[TestResult name=verifyHomePage status=FAILURE method=ApplicationTest.verifyHomePage()[pri:0, instance:crm.ApplicationTest@103f852] output={null}]]]>
              </value>
            </param>
          </params>
          <reporter-output>
          </reporter-output>
        </test-method> <!-- getResult -->
        <test-method status="PASS" signature="Logconfig(java.lang.reflect.Method)[pri:0, instance:crm.ApplicationTest@103f852]" name="Logconfig" is-config="true" duration-ms="12" started-at="2017-07-11T02:57:16Z" finished-at="2017-07-11T02:57:16Z">
          <params>
            <param index="0">
              <value>
                <![CDATA[public void crm.ApplicationTest.Click_on_Shop() throws java.io.IOException]]>
              </value>
            </param>
          </params>
          <reporter-output>
          </reporter-output>
        </test-method> <!-- Logconfig -->
        <test-method status="PASS" signature="Click_on_Shop()[pri:0, instance:crm.ApplicationTest@103f852]" name="Click_on_Shop" duration-ms="18941" started-at="2017-07-11T02:57:16Z" description="Verify the Click on shop menu" depends-on-methods="crm.ApplicationTest.verifyHomePage" finished-at="2017-07-11T02:57:35Z">
          <reporter-output>
          </reporter-output>
        </test-method> <!-- Click_on_Shop -->
        <test-method status="PASS" signature="getResult(org.testng.ITestResult)[pri:0, instance:crm.ApplicationTest@103f852]" name="getResult" is-config="true" duration-ms="1" started-at="2017-07-11T02:57:35Z" finished-at="2017-07-11T02:57:35Z">
          <params>
            <param index="0">
              <value>
                <![CDATA[[TestResult name=Click_on_Shop status=SUCCESS method=ApplicationTest.Click_on_Shop()[pri:0, instance:crm.ApplicationTest@103f852] output={null}]]]>
              </value>
            </param>
          </params>
          <reporter-output>
          </reporter-output>
        </test-method> <!-- getResult -->
        <test-method status="PASS" signature="close()[pri:0, instance:crm.ApplicationTest@103f852]" name="close" is-config="true" duration-ms="5214" started-at="2017-07-11T02:57:35Z" finished-at="2017-07-11T02:57:40Z">
          <reporter-output>
          </reporter-output>
        </test-method> <!-- close -->
      </class> <!-- crm.ApplicationTest -->
    </test> <!-- Default test -->
  </suite> <!-- Default suite -->
</testng-results>
